<?xml version="1.0" encoding="UTF-8"?>
<testng-results ignored="0" total="1" passed="1" failed="0" skipped="0">
  <reporter-output>
  </reporter-output>
  <suite started-at="2024-05-18T13:10:46 IST" name="Default suite" finished-at="2024-05-18T13:11:26 IST" duration-ms="39956">
    <groups>
    </groups>
    <test started-at="2024-05-18T13:10:46 IST" name="Default test" finished-at="2024-05-18T13:11:26 IST" duration-ms="39956">
      <class name="Sprint12.FmsUsers">
        <test-method signature="sample36()[pri:0, instance:Sprint12.FmsUsers@2b662a77]" started-at="2024-05-18T13:10:46 IST" name="sample36" finished-at="2024-05-18T13:11:26 IST" duration-ms="39913" status="PASS">
          <reporter-output>
          </reporter-output>
        </test-method> <!-- sample36 -->
      </class> <!-- Sprint12.FmsUsers -->
    </test> <!-- Default test -->
  </suite> <!-- Default suite -->
</testng-results>
